<?xml version="1.0" encoding="UTF-8"?>
<TestRun id="d10eac64-6ea7-4160-9f66-21f0a6765f91" name="apendlebury@DDT-APENDLEBURY 2011-02-03 14:38:55" runUser="AMAZE\apendlebury" xmlns="http://microsoft.com/schemas/VisualStudio/TeamTest/2006">
  <TestRunConfiguration name="Local Test Run" id="10f2c7a1-9431-4363-bea6-41bca4858189">
    <Description>This is a default test run configuration for a local test run.</Description>
    <Deployment runDeploymentRoot="C:\gitSourceControl\Internal\HudsonTest\MSTest\TestResults\apendlebury_DDT-APENDLEBURY 2011-02-03 14_38_55" />
    <TestTypeSpecific />
  </TestRunConfiguration>
  <ResultSummary outcome="Completed">
    <Counters total="1" executed="1" passed="1" error="0" failed="0" timeout="0" aborted="0" inconclusive="0" passedButRunAborted="0" notRunnable="0" notExecuted="0" disconnected="0" warning="0" completed="0" inProgress="0" pending="0" />
  </ResultSummary>
  <Times creation="2011-02-03T14:38:55.2972209+00:00" queuing="2011-02-03T14:38:55.6772589+00:00" start="2011-02-03T14:38:55.6922604+00:00" finish="2011-02-03T14:38:56.2933205+00:00" />
  <TestDefinitions>
    <UnitTest name="TestMethod1" storage="c:\gitsourcecontrol\internal\hudsontest\mstest\testscripts\bin\debug\testscripts.dll" id="76e8367d-f977-4a04-73ef-4e821959d1e6">
      <Css projectStructure="" iteration="" />
      <Owners>
        <Owner name="" />
      </Owners>
      <Execution id="7610b259-dbe6-4937-b844-07b69db73e37" />
      <TestMethod codeBase="C:\gitSourceControl\Internal\HudsonTest\MSTest\TestScripts\bin\Debug\TestScripts.dll" adapterTypeName="Microsoft.VisualStudio.TestTools.TestTypes.Unit.UnitTestAdapter, Microsoft.VisualStudio.QualityTools.Tips.UnitTest.Adapter, Version=9.0.0.0, Culture=neutral, PublicKeyToken=b03f5f7f11d50a3a" className="TestScripts.UnitTest1, TestScripts" name="TestMethod1" />
    </UnitTest>
  </TestDefinitions>
  <TestLists>
    <TestList name="Results Not in a List" id="8c84fa94-04c1-424b-9868-57a2d4851a1d" />
    <TestList name="All Loaded Results" id="19431567-8539-422a-85d7-44ee4e166bda" />
  </TestLists>
  <TestEntries>
    <TestEntry testId="76e8367d-f977-4a04-73ef-4e821959d1e6" executionId="7610b259-dbe6-4937-b844-07b69db73e37" testListId="8c84fa94-04c1-424b-9868-57a2d4851a1d" />
  </TestEntries>
  <Results>
    <UnitTestResult executionId="7610b259-dbe6-4937-b844-07b69db73e37" testId="76e8367d-f977-4a04-73ef-4e821959d1e6" testName="TestMethod1" computerName="DDT-APENDLEBURY" duration="00:00:00.0108302" startTime="2011-02-03T14:38:55.7182630+00:00" endTime="2011-02-03T14:38:56.2663178+00:00" testType="13cdc9d9-ddb5-4fa4-a97d-d965ccfc6d4b" outcome="Passed" testListId="8c84fa94-04c1-424b-9868-57a2d4851a1d">
      <Output>
      </Output>
    </UnitTestResult>
  </Results>
</TestRun>